<?xml version="1.0" encoding="UTF-8"?>
<!-- Generated by org.testng.reporters.JUnitReportReporter -->
<testsuite hostname="DESKTOP-S047Q6J" failures="0" tests="3" name="testClasses.VerifySearchTheMedicine" time="5.163" errors="0" timestamp="2022-10-20T14:52:50 IST" skipped="0">
  <testcase classname="testClasses.VerifySearchTheMedicine" name="enterThePin" time="2.737"/>
  <system-out>
    <![CDATA[Test started
Test pass]]>
  </system-out>
  <testcase classname="testClasses.VerifySearchTheMedicine" name="verifyTabletListIsPrinted" time="2.244"/>
  <system-out>
    <![CDATA[Test started
Test pass]]>
  </system-out>
  <testcase classname="testClasses.VerifySearchTheMedicine" name="getLowestPriceOfTablet" time="0.182"/>
  <system-out>
    <![CDATA[Test started
Test pass]]>
  </system-out>
</testsuite> <!-- testClasses.VerifySearchTheMedicine -->
