<?xml version="1.0" encoding="UTF-8"?>
<!-- Generated by org.testng.reporters.JUnitReportReporter -->
<testsuite hostname="DESKTOP-S047Q6J" failures="0" tests="1" name="testClasses.VerifyAnotherFunctionality" time="0.007" errors="0" timestamp="2022-10-19T08:53:05 IST" skipped="0">
  <testcase classname="testClasses.VerifyAnotherFunctionality" name="test" time="0.007"/>
  <system-out/>
</testsuite> <!-- testClasses.VerifyAnotherFunctionality -->
