<?xml version="1.0" encoding="UTF-8"?>
<!-- Generated by org.testng.reporters.JUnitReportReporter -->
<testsuite hostname="DESKTOP-S047Q6J" failures="0" tests="3" name="testClasses.VerifyAddTheAddress" time="11.261" errors="0" timestamp="2022-10-20T14:52:50 IST" skipped="0">
  <testcase classname="testClasses.VerifyAddTheAddress" name="AddAddressDetailsIntial" time="2.198"/>
  <system-out>
    <![CDATA[Test started
Test pass]]>
  </system-out>
  <testcase classname="testClasses.VerifyAddTheAddress" name="AddAddressDetails" time="4.529"/>
  <system-out>
    <![CDATA[Test started
Test pass]]>
  </system-out>
  <testcase classname="testClasses.VerifyAddTheAddress" name="AddAddressDetails" time="4.534"/>
  <system-out>
    <![CDATA[Test started
Test pass]]>
  </system-out>
</testsuite> <!-- testClasses.VerifyAddTheAddress -->
