<?xml version="1.0" encoding="UTF-8"?>
<!-- Generated by org.testng.reporters.JUnitReportReporter -->
<testsuite hostname="DESKTOP-S047Q6J" failures="0" tests="2" name="testClasses.VerifyBuyTheTabletOrder" time="19.633" errors="0" timestamp="2022-10-20T14:52:50 IST" skipped="0">
  <testcase classname="testClasses.VerifyBuyTheTabletOrder" name="buyTheMedicine" time="15.217"/>
  <system-out>
    <![CDATA[Test started
Test pass]]>
  </system-out>
  <testcase classname="testClasses.VerifyBuyTheTabletOrder" name="verifyPersonalDetailPageIsOpened" time="4.416"/>
  <system-out>
    <![CDATA[Test started
Test pass]]>
  </system-out>
</testsuite> <!-- testClasses.VerifyBuyTheTabletOrder -->
